build/outputs/logs/manifest-merger-debug-report.txt
-- Merging decision tree log ---
manifest
ADDED from aws-sdk-android-samples-master/AndroidPubSub/AndroidManifest.xml:2:1-40:12
	package
		ADDED from aws-sdk-android-samples-master/AndroidPubSub/AndroidManifest.xml:3:5-47
	android:versionName
		ADDED from aws-sdk-android-samples-master/AndroidPubSub/AndroidManifest.xml:5:5-30
		INJECTED from aws-sdk-android-samples-master/AndroidPubSub/AndroidManifest.xml
		INJECTED from aws-sdk-android-samples-master/AndroidPubSub/AndroidManifest.xml
	android:versionCode
		ADDED from aws-sdk-android-samples-master/AndroidPubSub/AndroidManifest.xml:4:5-28
		INJECTED from aws-sdk-android-samples-master/AndroidPubSub/AndroidManifest.xml
		INJECTED from aws-sdk-android-samples-master/AndroidPubSub/AndroidManifest.xml
	xmlns:android
		ADDED from aws-sdk-android-samples-master/AndroidPubSub/AndroidManifest.xml:2:11-69
uses-sdk
ADDED from aws-sdk-android-samples-master/AndroidPubSub/AndroidManifest.xml:7:5-9:41
MERGED from [com.google.android.gms:play-services-appindexing:8.4.0] AndroidManifest.xml:18:5-42
MERGED from [com.google.android.gms:play-services-base:8.4.0] AndroidManifest.xml:18:5-42
MERGED from [com.google.android.gms:play-services-basement:8.4.0] AndroidManifest.xml:18:5-42
MERGED from [com.android.support:support-v4:23.0.0] AndroidManifest.xml:20:5-43
	android:targetSdkVersion
		ADDED from aws-sdk-android-samples-master/AndroidPubSub/AndroidManifest.xml:9:9-38
		INJECTED from aws-sdk-android-samples-master/AndroidPubSub/AndroidManifest.xml
		INJECTED from aws-sdk-android-samples-master/AndroidPubSub/AndroidManifest.xml
	android:minSdkVersion
		ADDED from aws-sdk-android-samples-master/AndroidPubSub/AndroidManifest.xml:8:9-35
		INJECTED from aws-sdk-android-samples-master/AndroidPubSub/AndroidManifest.xml
		INJECTED from aws-sdk-android-samples-master/AndroidPubSub/AndroidManifest.xml
uses-permission#android.permission.INTERNET
ADDED from aws-sdk-android-samples-master/AndroidPubSub/AndroidManifest.xml:11:5-67
	android:name
		ADDED from aws-sdk-android-samples-master/AndroidPubSub/AndroidManifest.xml:11:22-64
uses-permission#android.permission.BLUETOOTH
ADDED from aws-sdk-android-samples-master/AndroidPubSub/AndroidManifest.xml:12:5-67
	android:name
		ADDED from aws-sdk-android-samples-master/AndroidPubSub/AndroidManifest.xml:12:22-65
uses-permission#android.permission.BLUETOOTH_ADMIN
ADDED from aws-sdk-android-samples-master/AndroidPubSub/AndroidManifest.xml:13:5-73
	android:name
		ADDED from aws-sdk-android-samples-master/AndroidPubSub/AndroidManifest.xml:13:22-71
uses-permission#android.permission.WAKE_LOCK
ADDED from aws-sdk-android-samples-master/AndroidPubSub/AndroidManifest.xml:14:5-68
	android:name
		ADDED from aws-sdk-android-samples-master/AndroidPubSub/AndroidManifest.xml:14:22-65
uses-permission#android.permission.RECORD_AUDIO
ADDED from aws-sdk-android-samples-master/AndroidPubSub/AndroidManifest.xml:15:5-71
	android:name
		ADDED from aws-sdk-android-samples-master/AndroidPubSub/AndroidManifest.xml:15:22-68
uses-permission#android.permission.WRITE_EXTERNAL_STORAGE
ADDED from aws-sdk-android-samples-master/AndroidPubSub/AndroidManifest.xml:16:5-81
	android:name
		ADDED from aws-sdk-android-samples-master/AndroidPubSub/AndroidManifest.xml:16:22-78
application
ADDED from aws-sdk-android-samples-master/AndroidPubSub/AndroidManifest.xml:19:5-38:19
MERGED from [com.google.android.gms:play-services-appindexing:8.4.0] AndroidManifest.xml:19:5-20
MERGED from [com.google.android.gms:play-services-basement:8.4.0] AndroidManifest.xml:20:5-24:19
MERGED from [com.android.support:support-v4:23.0.0] AndroidManifest.xml:22:5-20
	android:label
		ADDED from aws-sdk-android-samples-master/AndroidPubSub/AndroidManifest.xml:22:9-41
	android:allowBackup
		ADDED from aws-sdk-android-samples-master/AndroidPubSub/AndroidManifest.xml:20:9-35
	android:icon
		ADDED from aws-sdk-android-samples-master/AndroidPubSub/AndroidManifest.xml:21:9-45
activity#com.amazonaws.demo.androidpubsub.PubSubActivity
ADDED from aws-sdk-android-samples-master/AndroidPubSub/AndroidManifest.xml:23:9-29:20
	android:name
		ADDED from aws-sdk-android-samples-master/AndroidPubSub/AndroidManifest.xml:23:19-81
intent-filter#android.intent.action.MAIN+android.intent.category.LAUNCHER
ADDED from aws-sdk-android-samples-master/AndroidPubSub/AndroidManifest.xml:24:13-28:29
action#android.intent.action.MAIN
ADDED from aws-sdk-android-samples-master/AndroidPubSub/AndroidManifest.xml:25:17-69
	android:name
		ADDED from aws-sdk-android-samples-master/AndroidPubSub/AndroidManifest.xml:25:25-66
category#android.intent.category.LAUNCHER
ADDED from aws-sdk-android-samples-master/AndroidPubSub/AndroidManifest.xml:27:17-77
	android:name
		ADDED from aws-sdk-android-samples-master/AndroidPubSub/AndroidManifest.xml:27:27-74
service#com.amazonaws.demo.androidpubsub.DemoService
ADDED from aws-sdk-android-samples-master/AndroidPubSub/AndroidManifest.xml:30:9-32:39
	android:exported
		ADDED from aws-sdk-android-samples-master/AndroidPubSub/AndroidManifest.xml:32:13-37
	android:name
		ADDED from aws-sdk-android-samples-master/AndroidPubSub/AndroidManifest.xml:31:13-40
meta-data#com.google.android.gms.version
ADDED from aws-sdk-android-samples-master/AndroidPubSub/AndroidManifest.xml:34:9-36:69
MERGED from [com.google.android.gms:play-services-basement:8.4.0] AndroidManifest.xml:21:9-23:69
	android:value
		ADDED from aws-sdk-android-samples-master/AndroidPubSub/AndroidManifest.xml:36:13-66
	android:name
		ADDED from aws-sdk-android-samples-master/AndroidPubSub/AndroidManifest.xml:35:13-58